<?xml version="1.0" encoding="UTF-8"?>
<testng-results skipped="0" failed="0" total="1" passed="1">
  <reporter-output>
  </reporter-output>
  <suite name="Default suite" duration-ms="25010" started-at="2019-07-09T11:02:11Z" finished-at="2019-07-09T11:02:36Z">
    <groups>
    </groups>
    <test name="Default test" duration-ms="25010" started-at="2019-07-09T11:02:11Z" finished-at="2019-07-09T11:02:36Z">
      <class name="test.TESTSampleFramework">
        <test-method status="PASS" signature="openApp()[pri:0, instance:test.TESTSampleFramework@62ee68d8]" name="openApp" is-config="true" duration-ms="16592" started-at="2019-07-09T16:32:11Z" finished-at="2019-07-09T16:32:27Z">
          <reporter-output>
          </reporter-output>
        </test-method> <!-- openApp -->
        <test-method status="PASS" signature="a()[pri:0, instance:test.TESTSampleFramework@62ee68d8]" name="a" duration-ms="8392" started-at="2019-07-09T16:32:27Z" finished-at="2019-07-09T16:32:36Z">
          <reporter-output>
          </reporter-output>
        </test-method> <!-- a -->
        <test-method status="PASS" signature="closeApp()[pri:0, instance:test.TESTSampleFramework@62ee68d8]" name="closeApp" is-config="true" duration-ms="0" started-at="2019-07-09T16:32:36Z" finished-at="2019-07-09T16:32:36Z">
          <reporter-output>
          </reporter-output>
        </test-method> <!-- closeApp -->
      </class> <!-- test.TESTSampleFramework -->
    </test> <!-- Default test -->
  </suite> <!-- Default suite -->
</testng-results>
